2024-11-18 16:36:11.345 | ERROR    | app:handle_exception:74 - Error: 404 Not Found: The requested URL was not found on the server. If you entered the URL manually please check your spelling and try again.
2024-11-18 16:36:19.371 | ERROR    | app:handle_exception:74 - Error: flasgger/index.html
2024-11-18 16:37:20.604 | ERROR    | app:handle_exception:74 - Error: 404 Not Found: The requested URL was not found on the server. If you entered the URL manually please check your spelling and try again.
2024-11-18 16:37:28.265 | ERROR    | app:handle_exception:74 - Error: 405 Method Not Allowed: The method is not allowed for the requested URL.
2024-11-18 16:41:31.702 | ERROR    | app:handle_exception:74 - Error: 404 Not Found: The requested URL was not found on the server. If you entered the URL manually please check your spelling and try again.
2024-11-18 16:41:38.605 | ERROR    | app:handle_exception:74 - Error: 404 Not Found: The requested URL was not found on the server. If you entered the URL manually please check your spelling and try again.
2024-11-18 16:41:45.413 | ERROR    | app:handle_exception:74 - Error: 404 Not Found: The requested URL was not found on the server. If you entered the URL manually please check your spelling and try again.
2024-11-18 16:41:46.491 | ERROR    | app:handle_exception:74 - Error: 404 Not Found: The requested URL was not found on the server. If you entered the URL manually please check your spelling and try again.
2024-11-18 17:22:59.096 | ERROR    | app:handle_exception:74 - Error: expected string or bytes-like object, got 'NoneType'
2024-11-18 20:38:10.430 | ERROR    | app:handle_exception:82 - Error: Error 10061 connecting to localhost:6379. No connection could be made because the target machine actively refused it.
2024-11-18 20:38:59.854 | ERROR    | app:handle_exception:82 - Error: Error 10061 connecting to localhost:6379. No connection could be made because the target machine actively refused it.
2024-11-18 20:39:41.827 | ERROR    | app:handle_exception:82 - Error: Error 10061 connecting to localhost:6379. No connection could be made because the target machine actively refused it.
2024-11-18 21:03:33.123 | ERROR    | app:handle_exception:83 - Error: 404 Not Found: The requested URL was not found on the server. If you entered the URL manually please check your spelling and try again.
2024-11-18 21:03:44.874 | ERROR    | app:handle_exception:83 - Error: 500 Internal Server Error: The server encountered an internal error and was unable to complete your request. Either the server is overloaded or there is an error in the application.
2024-11-18 21:03:48.530 | ERROR    | app:handle_exception:83 - Error: 500 Internal Server Error: The server encountered an internal error and was unable to complete your request. Either the server is overloaded or there is an error in the application.
2024-11-18 21:09:08.493 | ERROR    | app:handle_exception:83 - Error: When initializing mapper Mapper[User(user)], expression 'Order' failed to locate a name ('Order'). If this is a class name, consider adding this relationship() to the <class 'app.models.user.User'> class after both dependent classes have been defined.
2024-11-18 21:09:08.572 | ERROR    | app:handle_exception:83 - Error: 500 Internal Server Error: The server encountered an internal error and was unable to complete your request. Either the server is overloaded or there is an error in the application.
2024-11-18 21:11:15.849 | ERROR    | app:handle_exception:83 - Error: When initializing mapper Mapper[User(user)], expression 'Order' failed to locate a name ('Order'). If this is a class name, consider adding this relationship() to the <class 'app.models.user.User'> class after both dependent classes have been defined.
2024-11-18 21:11:15.866 | ERROR    | app:handle_exception:83 - Error: 500 Internal Server Error: The server encountered an internal error and was unable to complete your request. Either the server is overloaded or there is an error in the application.
2024-11-18 21:11:24.924 | ERROR    | app:handle_exception:83 - Error: One or more mappers failed to initialize - can't proceed with initialization of other mappers. Triggering mapper: 'Mapper[User(user)]'. Original exception was: When initializing mapper Mapper[User(user)], expression 'Order' failed to locate a name ('Order'). If this is a class name, consider adding this relationship() to the <class 'app.models.user.User'> class after both dependent classes have been defined.
2024-11-18 21:11:24.929 | ERROR    | app:handle_exception:83 - Error: 500 Internal Server Error: The server encountered an internal error and was unable to complete your request. Either the server is overloaded or there is an error in the application.
2024-11-18 21:11:54.686 | ERROR    | app:handle_exception:83 - Error: One or more mappers failed to initialize - can't proceed with initialization of other mappers. Triggering mapper: 'Mapper[User(user)]'. Original exception was: When initializing mapper Mapper[User(user)], expression 'Order' failed to locate a name ('Order'). If this is a class name, consider adding this relationship() to the <class 'app.models.user.User'> class after both dependent classes have been defined.
2024-11-18 21:11:54.690 | ERROR    | app:handle_exception:83 - Error: 500 Internal Server Error: The server encountered an internal error and was unable to complete your request. Either the server is overloaded or there is an error in the application.
2024-11-18 21:12:09.474 | ERROR    | app:handle_exception:83 - Error: One or more mappers failed to initialize - can't proceed with initialization of other mappers. Triggering mapper: 'Mapper[User(user)]'. Original exception was: When initializing mapper Mapper[User(user)], expression 'Order' failed to locate a name ('Order'). If this is a class name, consider adding this relationship() to the <class 'app.models.user.User'> class after both dependent classes have been defined.
2024-11-18 21:12:09.476 | ERROR    | app:handle_exception:83 - Error: 500 Internal Server Error: The server encountered an internal error and was unable to complete your request. Either the server is overloaded or there is an error in the application.
2024-11-18 21:12:30.013 | ERROR    | app:handle_exception:83 - Error: One or more mappers failed to initialize - can't proceed with initialization of other mappers. Triggering mapper: 'Mapper[User(user)]'. Original exception was: When initializing mapper Mapper[User(user)], expression 'Order' failed to locate a name ('Order'). If this is a class name, consider adding this relationship() to the <class 'app.models.user.User'> class after both dependent classes have been defined.
2024-11-18 21:12:30.016 | ERROR    | app:handle_exception:83 - Error: 500 Internal Server Error: The server encountered an internal error and was unable to complete your request. Either the server is overloaded or there is an error in the application.
